Build started 5/6/2016 7:11:39 AM.
     1>Project "F:\3. ev\Verifikacio-Validacio\VerVal_Desktop\VerVal\LogAnalyzer\LogAnalyzer.vcxproj" on node 2 (Build target(s)).
     1>ClCompile:
         F:\Visual Studio 2013 Pro\VC\bin\CL.exe /c /ZI /nologo /W3 /WX- /sdl /Od /Oy- /D WIN32 /D _DEBUG /D _CONSOLE /D _LIB /D _UNICODE /D UNICODE /Gm /EHsc /RTC1 /MDd /GS /fp:precise /Zc:wchar_t /Zc:forScope /Fo"Debug\\" /Fd"Debug\vc120.pdb" /Gd /TP /analyze- /errorReport:prompt FileExtensionManager.cpp FileExtensionManagerFactory.cpp Log_Analyzer.cpp TestableLogAnalyzer.cpp
         FileExtensionManagerFactory.cpp
         FileExtensionManager.cpp
         Generating Code...
         Compiling...
         TestableLogAnalyzer.cpp
         Log_Analyzer.cpp
         Generating Code...
       Lib:
         F:\Visual Studio 2013 Pro\VC\bin\Lib.exe /OUT:"F:\3. ev\Verifikacio-Validacio\VerVal_Desktop\VerVal\Debug\LogAnalyzer.lib" /NOLOGO Debug\FileExtensionManager.obj
         Debug\FileExtensionManagerFactory.obj
         Debug\Log_Analyzer.obj
         Debug\TestableLogAnalyzer.obj
         LogAnalyzer.vcxproj -> F:\3. ev\Verifikacio-Validacio\VerVal_Desktop\VerVal\Debug\LogAnalyzer.lib
     1>Done Building Project "F:\3. ev\Verifikacio-Validacio\VerVal_Desktop\VerVal\LogAnalyzer\LogAnalyzer.vcxproj" (Build target(s)).

Build succeeded.

Time Elapsed 00:00:01.27
